<?xml version="1.0" encoding="UTF-8"?>
<testng-results ignored="0" total="1" passed="1" failed="0" skipped="0">
  <reporter-output>
  </reporter-output>
  <suite started-at="2021-03-05T13:05:20Z" name="Default suite" finished-at="2021-03-05T13:05:32Z" duration-ms="12417">
    <groups>
    </groups>
    <test started-at="2021-03-05T13:05:20Z" name="Default test" finished-at="2021-03-05T13:05:32Z" duration-ms="12417">
      <class name="tests.DrpDownTest">
        <test-method is-config="true" signature="setup()[pri:0, instance:tests.DrpDownTest@63a5d002]" started-at="2021-03-05T13:05:20Z" name="setup" finished-at="2021-03-05T13:05:22Z" duration-ms="2932" status="PASS">
          <reporter-output>
          </reporter-output>
        </test-method> <!-- setup -->
        <test-method signature="login()[pri:0, instance:tests.DrpDownTest@63a5d002]" started-at="2021-03-05T13:05:23Z" name="login" finished-at="2021-03-05T13:05:31Z" duration-ms="8600" status="PASS">
          <reporter-output>
          </reporter-output>
        </test-method> <!-- login -->
        <test-method is-config="true" signature="tearDown()[pri:0, instance:tests.DrpDownTest@63a5d002]" started-at="2021-03-05T13:05:31Z" name="tearDown" finished-at="2021-03-05T13:05:32Z" duration-ms="824" status="PASS">
          <reporter-output>
          </reporter-output>
        </test-method> <!-- tearDown -->
      </class> <!-- tests.DrpDownTest -->
    </test> <!-- Default test -->
  </suite> <!-- Default suite -->
</testng-results>
